The target system is: Windows -  - 
The host system is: Linux - 5.14.7-arch1-1 - x86_64
Compiling the C compiler identification source file "CMakeCCompilerId.c" succeeded.
Compiler: /usr/bin/x86_64-w64-mingw32-gcc 
Build flags: 
Id flags:  

The output was:
0


Compilation of the C compiler identification source "CMakeCCompilerId.c" produced "a.exe"

The C compiler identification is GNU, found in "/media/data/repositories/wxEASy68K/wxEdit68K/win-build/CMakeFiles/3.21.3/CompilerIdC/a.exe"

Compiling the CXX compiler identification source file "CMakeCXXCompilerId.cpp" succeeded.
Compiler: /usr/bin/x86_64-w64-mingw32-g++ 
Build flags: 
Id flags:  

The output was:
0


Compilation of the CXX compiler identification source "CMakeCXXCompilerId.cpp" produced "a.exe"

The CXX compiler identification is GNU, found in "/media/data/repositories/wxEASy68K/wxEdit68K/win-build/CMakeFiles/3.21.3/CompilerIdCXX/a.exe"

Detecting C compiler ABI info compiled with the following output:
Change Dir: /media/data/repositories/wxEASy68K/wxEdit68K/win-build/CMakeFiles/CMakeTmp

Run Build Command(s):/usr/bin/make -f Makefile cmTC_4b1e7/fast && /usr/bin/make  -f CMakeFiles/cmTC_4b1e7.dir/build.make CMakeFiles/cmTC_4b1e7.dir/build
make[1]: Entering directory '/media/data/repositories/wxEASy68K/wxEdit68K/win-build/CMakeFiles/CMakeTmp'
Building C object CMakeFiles/cmTC_4b1e7.dir/CMakeCCompilerABI.c.obj
/usr/bin/x86_64-w64-mingw32-gcc   -v -o CMakeFiles/cmTC_4b1e7.dir/CMakeCCompilerABI.c.obj -c /usr/share/cmake-3.21/Modules/CMakeCCompilerABI.c
Using built-in specs.
COLLECT_GCC=/usr/bin/x86_64-w64-mingw32-gcc
Target: x86_64-w64-mingw32
Configured with: /build/mingw-w64-gcc/src/gcc/configure --prefix=/usr --libexecdir=/usr/lib --target=x86_64-w64-mingw32 --with-bugurl=https://bugs.archlinux.org/ --enable-languages=c,lto,c++,ada,objc,obj-c++,fortran --enable-shared --enable-static --enable-threads=posix --enable-fully-dynamic-string --enable-libstdcxx-time=yes --enable-libstdcxx-filesystem-ts=yes --with-system-zlib --enable-cloog-backend=isl --enable-lto --enable-libgomp --disable-multilib --enable-checking=release --disable-sjlj-exceptions --with-dwarf2
Thread model: posix
Supported LTO compression algorithms: zlib zstd
gcc version 11.2.0 (GCC) 
COLLECT_GCC_OPTIONS='-v' '-o' 'CMakeFiles/cmTC_4b1e7.dir/CMakeCCompilerABI.c.obj' '-c' '-mtune=generic' '-march=x86-64' '-dumpdir' 'CMakeFiles/cmTC_4b1e7.dir/'
 /usr/lib/gcc/x86_64-w64-mingw32/11.2.0/cc1 -quiet -v -D_REENTRANT /usr/share/cmake-3.21/Modules/CMakeCCompilerABI.c -quiet -dumpdir CMakeFiles/cmTC_4b1e7.dir/ -dumpbase CMakeCCompilerABI.c.c -dumpbase-ext .c -mtune=generic -march=x86-64 -version -o /tmp/ccZ4Sq5V.s
GNU C17 (GCC) version 11.2.0 (x86_64-w64-mingw32)
	compiled by GNU C version 11.1.0, GMP version 6.2.1, MPFR version 4.1.0, MPC version 1.2.1, isl version isl-0.24-GMP

warning: MPFR header version 4.1.0 differs from library version 4.1.0-p13.
GGC heuristics: --param ggc-min-expand=100 --param ggc-min-heapsize=131072
ignoring nonexistent directory "/usr/lib/gcc/x86_64-w64-mingw32/11.2.0/../../../../x86_64-w64-mingw32/sys-include"
#include "..." search starts here:
#include <...> search starts here:
 /usr/lib/gcc/x86_64-w64-mingw32/11.2.0/include
 /usr/lib/gcc/x86_64-w64-mingw32/11.2.0/include-fixed
 /usr/lib/gcc/x86_64-w64-mingw32/11.2.0/../../../../x86_64-w64-mingw32/include
End of search list.
GNU C17 (GCC) version 11.2.0 (x86_64-w64-mingw32)
	compiled by GNU C version 11.1.0, GMP version 6.2.1, MPFR version 4.1.0, MPC version 1.2.1, isl version isl-0.24-GMP

warning: MPFR header version 4.1.0 differs from library version 4.1.0-p13.
GGC heuristics: --param ggc-min-expand=100 --param ggc-min-heapsize=131072
Compiler executable checksum: 79221e2262d09bd567b30f4c0e1e7955
COLLECT_GCC_OPTIONS='-v' '-o' 'CMakeFiles/cmTC_4b1e7.dir/CMakeCCompilerABI.c.obj' '-c' '-mtune=generic' '-march=x86-64' '-dumpdir' 'CMakeFiles/cmTC_4b1e7.dir/'
 /usr/lib/gcc/x86_64-w64-mingw32/11.2.0/../../../../x86_64-w64-mingw32/bin/as -v -o CMakeFiles/cmTC_4b1e7.dir/CMakeCCompilerABI.c.obj /tmp/ccZ4Sq5V.s
GNU assembler version 2.36.1 (x86_64-w64-mingw32) using BFD version (GNU Binutils) 2.36.1
COMPILER_PATH=/usr/lib/gcc/x86_64-w64-mingw32/11.2.0/:/usr/lib/gcc/x86_64-w64-mingw32/11.2.0/:/usr/lib/gcc/x86_64-w64-mingw32/:/usr/lib/gcc/x86_64-w64-mingw32/11.2.0/:/usr/lib/gcc/x86_64-w64-mingw32/:/usr/lib/gcc/x86_64-w64-mingw32/11.2.0/../../../../x86_64-w64-mingw32/bin/
LIBRARY_PATH=/usr/lib/gcc/x86_64-w64-mingw32/11.2.0/:/usr/lib/gcc/x86_64-w64-mingw32/11.2.0/../../../../x86_64-w64-mingw32/lib/../lib/:/usr/lib/gcc/x86_64-w64-mingw32/11.2.0/../../../../x86_64-w64-mingw32/lib/
COLLECT_GCC_OPTIONS='-v' '-o' 'CMakeFiles/cmTC_4b1e7.dir/CMakeCCompilerABI.c.obj' '-c' '-mtune=generic' '-march=x86-64' '-dumpdir' 'CMakeFiles/cmTC_4b1e7.dir/CMakeCCompilerABI.c.'
Linking C executable cmTC_4b1e7.exe
/usr/bin/cmake -E cmake_link_script CMakeFiles/cmTC_4b1e7.dir/link.txt --verbose=1
/usr/bin/cmake -E rm -f CMakeFiles/cmTC_4b1e7.dir/objects.a
/usr/bin/x86_64-w64-mingw32-ar qc CMakeFiles/cmTC_4b1e7.dir/objects.a @CMakeFiles/cmTC_4b1e7.dir/objects1.rsp
/usr/bin/x86_64-w64-mingw32-gcc  -v -Wl,--whole-archive CMakeFiles/cmTC_4b1e7.dir/objects.a -Wl,--no-whole-archive -o cmTC_4b1e7.exe -Wl,--out-implib,libcmTC_4b1e7.dll.a -Wl,--major-image-version,0,--minor-image-version,0 
Using built-in specs.
COLLECT_GCC=/usr/bin/x86_64-w64-mingw32-gcc
COLLECT_LTO_WRAPPER=/usr/lib/gcc/x86_64-w64-mingw32/11.2.0/lto-wrapper
Target: x86_64-w64-mingw32
Configured with: /build/mingw-w64-gcc/src/gcc/configure --prefix=/usr --libexecdir=/usr/lib --target=x86_64-w64-mingw32 --with-bugurl=https://bugs.archlinux.org/ --enable-languages=c,lto,c++,ada,objc,obj-c++,fortran --enable-shared --enable-static --enable-threads=posix --enable-fully-dynamic-string --enable-libstdcxx-time=yes --enable-libstdcxx-filesystem-ts=yes --with-system-zlib --enable-cloog-backend=isl --enable-lto --enable-libgomp --disable-multilib --enable-checking=release --disable-sjlj-exceptions --with-dwarf2
Thread model: posix
Supported LTO compression algorithms: zlib zstd
gcc version 11.2.0 (GCC) 
COMPILER_PATH=/usr/lib/gcc/x86_64-w64-mingw32/11.2.0/:/usr/lib/gcc/x86_64-w64-mingw32/11.2.0/:/usr/lib/gcc/x86_64-w64-mingw32/:/usr/lib/gcc/x86_64-w64-mingw32/11.2.0/:/usr/lib/gcc/x86_64-w64-mingw32/:/usr/lib/gcc/x86_64-w64-mingw32/11.2.0/../../../../x86_64-w64-mingw32/bin/
LIBRARY_PATH=/usr/lib/gcc/x86_64-w64-mingw32/11.2.0/:/usr/lib/gcc/x86_64-w64-mingw32/11.2.0/../../../../x86_64-w64-mingw32/lib/../lib/:/usr/lib/gcc/x86_64-w64-mingw32/11.2.0/../../../../x86_64-w64-mingw32/lib/
COLLECT_GCC_OPTIONS='-v' '-o' 'cmTC_4b1e7.exe' '-mtune=generic' '-march=x86-64' '-dumpdir' 'cmTC_4b1e7.'
 /usr/lib/gcc/x86_64-w64-mingw32/11.2.0/collect2 -plugin /usr/lib/gcc/x86_64-w64-mingw32/11.2.0/liblto_plugin.so -plugin-opt=/usr/lib/gcc/x86_64-w64-mingw32/11.2.0/lto-wrapper -plugin-opt=-fresolution=/tmp/ccE1ePRn.res -plugin-opt=-pass-through=-lmingw32 -plugin-opt=-pass-through=-lgcc -plugin-opt=-pass-through=-lgcc_eh -plugin-opt=-pass-through=-lmoldname -plugin-opt=-pass-through=-lmingwex -plugin-opt=-pass-through=-lmsvcrt -plugin-opt=-pass-through=-lkernel32 -plugin-opt=-pass-through=-lpthread -plugin-opt=-pass-through=-ladvapi32 -plugin-opt=-pass-through=-lshell32 -plugin-opt=-pass-through=-luser32 -plugin-opt=-pass-through=-lkernel32 -plugin-opt=-pass-through=-lmingw32 -plugin-opt=-pass-through=-lgcc -plugin-opt=-pass-through=-lgcc_eh -plugin-opt=-pass-through=-lmoldname -plugin-opt=-pass-through=-lmingwex -plugin-opt=-pass-through=-lmsvcrt -plugin-opt=-pass-through=-lkernel32 -m i386pep -Bdynamic -o cmTC_4b1e7.exe /usr/lib/gcc/x86_64-w64-mingw32/11.2.0/../../../../x86_64-w64-mingw32/lib/../lib/crt2.o /usr/lib/gcc/x86_64-w64-mingw32/11.2.0/crtbegin.o -L/usr/lib/gcc/x86_64-w64-mingw32/11.2.0 -L/usr/lib/gcc/x86_64-w64-mingw32/11.2.0/../../../../x86_64-w64-mingw32/lib/../lib -L/usr/lib/gcc/x86_64-w64-mingw32/11.2.0/../../../../x86_64-w64-mingw32/lib --whole-archive CMakeFiles/cmTC_4b1e7.dir/objects.a --no-whole-archive --out-implib libcmTC_4b1e7.dll.a --major-image-version 0 --minor-image-version 0 -lmingw32 -lgcc -lgcc_eh -lmoldname -lmingwex -lmsvcrt -lkernel32 -lpthread -ladvapi32 -lshell32 -luser32 -lkernel32 -lmingw32 -lgcc -lgcc_eh -lmoldname -lmingwex -lmsvcrt -lkernel32 /usr/lib/gcc/x86_64-w64-mingw32/11.2.0/crtend.o
COLLECT_GCC_OPTIONS='-v' '-o' 'cmTC_4b1e7.exe' '-mtune=generic' '-march=x86-64' '-dumpdir' 'cmTC_4b1e7.'
make[1]: Leaving directory '/media/data/repositories/wxEASy68K/wxEdit68K/win-build/CMakeFiles/CMakeTmp'



Parsed C implicit include dir info from above output: rv=done
  found start of include info
  found start of implicit include info
    add: [/usr/lib/gcc/x86_64-w64-mingw32/11.2.0/include]
    add: [/usr/lib/gcc/x86_64-w64-mingw32/11.2.0/include-fixed]
    add: [/usr/lib/gcc/x86_64-w64-mingw32/11.2.0/../../../../x86_64-w64-mingw32/include]
  end of search list found
  collapse include dir [/usr/lib/gcc/x86_64-w64-mingw32/11.2.0/include] ==> [/usr/lib/gcc/x86_64-w64-mingw32/11.2.0/include]
  collapse include dir [/usr/lib/gcc/x86_64-w64-mingw32/11.2.0/include-fixed] ==> [/usr/lib/gcc/x86_64-w64-mingw32/11.2.0/include-fixed]
  collapse include dir [/usr/lib/gcc/x86_64-w64-mingw32/11.2.0/../../../../x86_64-w64-mingw32/include] ==> [/usr/x86_64-w64-mingw32/include]
  implicit include dirs: [/usr/lib/gcc/x86_64-w64-mingw32/11.2.0/include;/usr/lib/gcc/x86_64-w64-mingw32/11.2.0/include-fixed;/usr/x86_64-w64-mingw32/include]


Parsed C implicit link information from above output:
  link line regex: [^( *|.*[/\])(x86_64-w64-mingw32-ld|CMAKE_LINK_STARTFILE-NOTFOUND|([^/\]+-)?ld|collect2)[^/\]*( |$)]
  ignore line: [Change Dir: /media/data/repositories/wxEASy68K/wxEdit68K/win-build/CMakeFiles/CMakeTmp]
  ignore line: []
  ignore line: [Run Build Command(s):/usr/bin/make -f Makefile cmTC_4b1e7/fast && /usr/bin/make  -f CMakeFiles/cmTC_4b1e7.dir/build.make CMakeFiles/cmTC_4b1e7.dir/build]
  ignore line: [make[1]: Entering directory '/media/data/repositories/wxEASy68K/wxEdit68K/win-build/CMakeFiles/CMakeTmp']
  ignore line: [Building C object CMakeFiles/cmTC_4b1e7.dir/CMakeCCompilerABI.c.obj]
  ignore line: [/usr/bin/x86_64-w64-mingw32-gcc   -v -o CMakeFiles/cmTC_4b1e7.dir/CMakeCCompilerABI.c.obj -c /usr/share/cmake-3.21/Modules/CMakeCCompilerABI.c]
  ignore line: [Using built-in specs.]
  ignore line: [COLLECT_GCC=/usr/bin/x86_64-w64-mingw32-gcc]
  ignore line: [Target: x86_64-w64-mingw32]
  ignore line: [Configured with: /build/mingw-w64-gcc/src/gcc/configure --prefix=/usr --libexecdir=/usr/lib --target=x86_64-w64-mingw32 --with-bugurl=https://bugs.archlinux.org/ --enable-languages=c lto c++ ada objc obj-c++ fortran --enable-shared --enable-static --enable-threads=posix --enable-fully-dynamic-string --enable-libstdcxx-time=yes --enable-libstdcxx-filesystem-ts=yes --with-system-zlib --enable-cloog-backend=isl --enable-lto --enable-libgomp --disable-multilib --enable-checking=release --disable-sjlj-exceptions --with-dwarf2]
  ignore line: [Thread model: posix]
  ignore line: [Supported LTO compression algorithms: zlib zstd]
  ignore line: [gcc version 11.2.0 (GCC) ]
  ignore line: [COLLECT_GCC_OPTIONS='-v' '-o' 'CMakeFiles/cmTC_4b1e7.dir/CMakeCCompilerABI.c.obj' '-c' '-mtune=generic' '-march=x86-64' '-dumpdir' 'CMakeFiles/cmTC_4b1e7.dir/']
  ignore line: [ /usr/lib/gcc/x86_64-w64-mingw32/11.2.0/cc1 -quiet -v -D_REENTRANT /usr/share/cmake-3.21/Modules/CMakeCCompilerABI.c -quiet -dumpdir CMakeFiles/cmTC_4b1e7.dir/ -dumpbase CMakeCCompilerABI.c.c -dumpbase-ext .c -mtune=generic -march=x86-64 -version -o /tmp/ccZ4Sq5V.s]
  ignore line: [GNU C17 (GCC) version 11.2.0 (x86_64-w64-mingw32)]
  ignore line: [	compiled by GNU C version 11.1.0  GMP version 6.2.1  MPFR version 4.1.0  MPC version 1.2.1  isl version isl-0.24-GMP]
  ignore line: []
  ignore line: [warning: MPFR header version 4.1.0 differs from library version 4.1.0-p13.]
  ignore line: [GGC heuristics: --param ggc-min-expand=100 --param ggc-min-heapsize=131072]
  ignore line: [ignoring nonexistent directory "/usr/lib/gcc/x86_64-w64-mingw32/11.2.0/../../../../x86_64-w64-mingw32/sys-include"]
  ignore line: [#include "..." search starts here:]
  ignore line: [#include <...> search starts here:]
  ignore line: [ /usr/lib/gcc/x86_64-w64-mingw32/11.2.0/include]
  ignore line: [ /usr/lib/gcc/x86_64-w64-mingw32/11.2.0/include-fixed]
  ignore line: [ /usr/lib/gcc/x86_64-w64-mingw32/11.2.0/../../../../x86_64-w64-mingw32/include]
  ignore line: [End of search list.]
  ignore line: [GNU C17 (GCC) version 11.2.0 (x86_64-w64-mingw32)]
  ignore line: [	compiled by GNU C version 11.1.0  GMP version 6.2.1  MPFR version 4.1.0  MPC version 1.2.1  isl version isl-0.24-GMP]
  ignore line: []
  ignore line: [warning: MPFR header version 4.1.0 differs from library version 4.1.0-p13.]
  ignore line: [GGC heuristics: --param ggc-min-expand=100 --param ggc-min-heapsize=131072]
  ignore line: [Compiler executable checksum: 79221e2262d09bd567b30f4c0e1e7955]
  ignore line: [COLLECT_GCC_OPTIONS='-v' '-o' 'CMakeFiles/cmTC_4b1e7.dir/CMakeCCompilerABI.c.obj' '-c' '-mtune=generic' '-march=x86-64' '-dumpdir' 'CMakeFiles/cmTC_4b1e7.dir/']
  ignore line: [ /usr/lib/gcc/x86_64-w64-mingw32/11.2.0/../../../../x86_64-w64-mingw32/bin/as -v -o CMakeFiles/cmTC_4b1e7.dir/CMakeCCompilerABI.c.obj /tmp/ccZ4Sq5V.s]
  ignore line: [GNU assembler version 2.36.1 (x86_64-w64-mingw32) using BFD version (GNU Binutils) 2.36.1]
  ignore line: [COMPILER_PATH=/usr/lib/gcc/x86_64-w64-mingw32/11.2.0/:/usr/lib/gcc/x86_64-w64-mingw32/11.2.0/:/usr/lib/gcc/x86_64-w64-mingw32/:/usr/lib/gcc/x86_64-w64-mingw32/11.2.0/:/usr/lib/gcc/x86_64-w64-mingw32/:/usr/lib/gcc/x86_64-w64-mingw32/11.2.0/../../../../x86_64-w64-mingw32/bin/]
  ignore line: [LIBRARY_PATH=/usr/lib/gcc/x86_64-w64-mingw32/11.2.0/:/usr/lib/gcc/x86_64-w64-mingw32/11.2.0/../../../../x86_64-w64-mingw32/lib/../lib/:/usr/lib/gcc/x86_64-w64-mingw32/11.2.0/../../../../x86_64-w64-mingw32/lib/]
  ignore line: [COLLECT_GCC_OPTIONS='-v' '-o' 'CMakeFiles/cmTC_4b1e7.dir/CMakeCCompilerABI.c.obj' '-c' '-mtune=generic' '-march=x86-64' '-dumpdir' 'CMakeFiles/cmTC_4b1e7.dir/CMakeCCompilerABI.c.']
  ignore line: [Linking C executable cmTC_4b1e7.exe]
  ignore line: [/usr/bin/cmake -E cmake_link_script CMakeFiles/cmTC_4b1e7.dir/link.txt --verbose=1]
  ignore line: [/usr/bin/cmake -E rm -f CMakeFiles/cmTC_4b1e7.dir/objects.a]
  ignore line: [/usr/bin/x86_64-w64-mingw32-ar qc CMakeFiles/cmTC_4b1e7.dir/objects.a @CMakeFiles/cmTC_4b1e7.dir/objects1.rsp]
  ignore line: [/usr/bin/x86_64-w64-mingw32-gcc  -v -Wl --whole-archive CMakeFiles/cmTC_4b1e7.dir/objects.a -Wl --no-whole-archive -o cmTC_4b1e7.exe -Wl --out-implib libcmTC_4b1e7.dll.a -Wl --major-image-version 0 --minor-image-version 0 ]
  ignore line: [Using built-in specs.]
  ignore line: [COLLECT_GCC=/usr/bin/x86_64-w64-mingw32-gcc]
  ignore line: [COLLECT_LTO_WRAPPER=/usr/lib/gcc/x86_64-w64-mingw32/11.2.0/lto-wrapper]
  ignore line: [Target: x86_64-w64-mingw32]
  ignore line: [Configured with: /build/mingw-w64-gcc/src/gcc/configure --prefix=/usr --libexecdir=/usr/lib --target=x86_64-w64-mingw32 --with-bugurl=https://bugs.archlinux.org/ --enable-languages=c lto c++ ada objc obj-c++ fortran --enable-shared --enable-static --enable-threads=posix --enable-fully-dynamic-string --enable-libstdcxx-time=yes --enable-libstdcxx-filesystem-ts=yes --with-system-zlib --enable-cloog-backend=isl --enable-lto --enable-libgomp --disable-multilib --enable-checking=release --disable-sjlj-exceptions --with-dwarf2]
  ignore line: [Thread model: posix]
  ignore line: [Supported LTO compression algorithms: zlib zstd]
  ignore line: [gcc version 11.2.0 (GCC) ]
  ignore line: [COMPILER_PATH=/usr/lib/gcc/x86_64-w64-mingw32/11.2.0/:/usr/lib/gcc/x86_64-w64-mingw32/11.2.0/:/usr/lib/gcc/x86_64-w64-mingw32/:/usr/lib/gcc/x86_64-w64-mingw32/11.2.0/:/usr/lib/gcc/x86_64-w64-mingw32/:/usr/lib/gcc/x86_64-w64-mingw32/11.2.0/../../../../x86_64-w64-mingw32/bin/]
  ignore line: [LIBRARY_PATH=/usr/lib/gcc/x86_64-w64-mingw32/11.2.0/:/usr/lib/gcc/x86_64-w64-mingw32/11.2.0/../../../../x86_64-w64-mingw32/lib/../lib/:/usr/lib/gcc/x86_64-w64-mingw32/11.2.0/../../../../x86_64-w64-mingw32/lib/]
  ignore line: [COLLECT_GCC_OPTIONS='-v' '-o' 'cmTC_4b1e7.exe' '-mtune=generic' '-march=x86-64' '-dumpdir' 'cmTC_4b1e7.']
  link line: [ /usr/lib/gcc/x86_64-w64-mingw32/11.2.0/collect2 -plugin /usr/lib/gcc/x86_64-w64-mingw32/11.2.0/liblto_plugin.so -plugin-opt=/usr/lib/gcc/x86_64-w64-mingw32/11.2.0/lto-wrapper -plugin-opt=-fresolution=/tmp/ccE1ePRn.res -plugin-opt=-pass-through=-lmingw32 -plugin-opt=-pass-through=-lgcc -plugin-opt=-pass-through=-lgcc_eh -plugin-opt=-pass-through=-lmoldname -plugin-opt=-pass-through=-lmingwex -plugin-opt=-pass-through=-lmsvcrt -plugin-opt=-pass-through=-lkernel32 -plugin-opt=-pass-through=-lpthread -plugin-opt=-pass-through=-ladvapi32 -plugin-opt=-pass-through=-lshell32 -plugin-opt=-pass-through=-luser32 -plugin-opt=-pass-through=-lkernel32 -plugin-opt=-pass-through=-lmingw32 -plugin-opt=-pass-through=-lgcc -plugin-opt=-pass-through=-lgcc_eh -plugin-opt=-pass-through=-lmoldname -plugin-opt=-pass-through=-lmingwex -plugin-opt=-pass-through=-lmsvcrt -plugin-opt=-pass-through=-lkernel32 -m i386pep -Bdynamic -o cmTC_4b1e7.exe /usr/lib/gcc/x86_64-w64-mingw32/11.2.0/../../../../x86_64-w64-mingw32/lib/../lib/crt2.o /usr/lib/gcc/x86_64-w64-mingw32/11.2.0/crtbegin.o -L/usr/lib/gcc/x86_64-w64-mingw32/11.2.0 -L/usr/lib/gcc/x86_64-w64-mingw32/11.2.0/../../../../x86_64-w64-mingw32/lib/../lib -L/usr/lib/gcc/x86_64-w64-mingw32/11.2.0/../../../../x86_64-w64-mingw32/lib --whole-archive CMakeFiles/cmTC_4b1e7.dir/objects.a --no-whole-archive --out-implib libcmTC_4b1e7.dll.a --major-image-version 0 --minor-image-version 0 -lmingw32 -lgcc -lgcc_eh -lmoldname -lmingwex -lmsvcrt -lkernel32 -lpthread -ladvapi32 -lshell32 -luser32 -lkernel32 -lmingw32 -lgcc -lgcc_eh -lmoldname -lmingwex -lmsvcrt -lkernel32 /usr/lib/gcc/x86_64-w64-mingw32/11.2.0/crtend.o]
    arg [/usr/lib/gcc/x86_64-w64-mingw32/11.2.0/collect2] ==> ignore
    arg [-plugin] ==> ignore
    arg [/usr/lib/gcc/x86_64-w64-mingw32/11.2.0/liblto_plugin.so] ==> ignore
    arg [-plugin-opt=/usr/lib/gcc/x86_64-w64-mingw32/11.2.0/lto-wrapper] ==> ignore
    arg [-plugin-opt=-fresolution=/tmp/ccE1ePRn.res] ==> ignore
    arg [-plugin-opt=-pass-through=-lmingw32] ==> ignore
    arg [-plugin-opt=-pass-through=-lgcc] ==> ignore
    arg [-plugin-opt=-pass-through=-lgcc_eh] ==> ignore
    arg [-plugin-opt=-pass-through=-lmoldname] ==> ignore
    arg [-plugin-opt=-pass-through=-lmingwex] ==> ignore
    arg [-plugin-opt=-pass-through=-lmsvcrt] ==> ignore
    arg [-plugin-opt=-pass-through=-lkernel32] ==> ignore
    arg [-plugin-opt=-pass-through=-lpthread] ==> ignore
    arg [-plugin-opt=-pass-through=-ladvapi32] ==> ignore
    arg [-plugin-opt=-pass-through=-lshell32] ==> ignore
    arg [-plugin-opt=-pass-through=-luser32] ==> ignore
    arg [-plugin-opt=-pass-through=-lkernel32] ==> ignore
    arg [-plugin-opt=-pass-through=-lmingw32] ==> ignore
    arg [-plugin-opt=-pass-through=-lgcc] ==> ignore
    arg [-plugin-opt=-pass-through=-lgcc_eh] ==> ignore
    arg [-plugin-opt=-pass-through=-lmoldname] ==> ignore
    arg [-plugin-opt=-pass-through=-lmingwex] ==> ignore
    arg [-plugin-opt=-pass-through=-lmsvcrt] ==> ignore
    arg [-plugin-opt=-pass-through=-lkernel32] ==> ignore
    arg [-m] ==> ignore
    arg [i386pep] ==> ignore
    arg [-Bdynamic] ==> search dynamic
    arg [-o] ==> ignore
    arg [cmTC_4b1e7.exe] ==> ignore
    arg [/usr/lib/gcc/x86_64-w64-mingw32/11.2.0/../../../../x86_64-w64-mingw32/lib/../lib/crt2.o] ==> obj [/usr/lib/gcc/x86_64-w64-mingw32/11.2.0/../../../../x86_64-w64-mingw32/lib/../lib/crt2.o]
    arg [/usr/lib/gcc/x86_64-w64-mingw32/11.2.0/crtbegin.o] ==> obj [/usr/lib/gcc/x86_64-w64-mingw32/11.2.0/crtbegin.o]
    arg [-L/usr/lib/gcc/x86_64-w64-mingw32/11.2.0] ==> dir [/usr/lib/gcc/x86_64-w64-mingw32/11.2.0]
    arg [-L/usr/lib/gcc/x86_64-w64-mingw32/11.2.0/../../../../x86_64-w64-mingw32/lib/../lib] ==> dir [/usr/lib/gcc/x86_64-w64-mingw32/11.2.0/../../../../x86_64-w64-mingw32/lib/../lib]
    arg [-L/usr/lib/gcc/x86_64-w64-mingw32/11.2.0/../../../../x86_64-w64-mingw32/lib] ==> dir [/usr/lib/gcc/x86_64-w64-mingw32/11.2.0/../../../../x86_64-w64-mingw32/lib]
    arg [--whole-archive] ==> ignore
    arg [CMakeFiles/cmTC_4b1e7.dir/objects.a] ==> ignore
    arg [--no-whole-archive] ==> ignore
    arg [--out-implib] ==> ignore
    arg [libcmTC_4b1e7.dll.a] ==> ignore
    arg [--major-image-version] ==> ignore
    arg [0] ==> ignore
    arg [--minor-image-version] ==> ignore
    arg [0] ==> ignore
    arg [-lmingw32] ==> lib [mingw32]
    arg [-lgcc] ==> lib [gcc]
    arg [-lgcc_eh] ==> lib [gcc_eh]
    arg [-lmoldname] ==> lib [moldname]
    arg [-lmingwex] ==> lib [mingwex]
    arg [-lmsvcrt] ==> lib [msvcrt]
    arg [-lkernel32] ==> lib [kernel32]
    arg [-lpthread] ==> lib [pthread]
    arg [-ladvapi32] ==> lib [advapi32]
    arg [-lshell32] ==> lib [shell32]
    arg [-luser32] ==> lib [user32]
    arg [-lkernel32] ==> lib [kernel32]
    arg [-lmingw32] ==> lib [mingw32]
    arg [-lgcc] ==> lib [gcc]
    arg [-lgcc_eh] ==> lib [gcc_eh]
    arg [-lmoldname] ==> lib [moldname]
    arg [-lmingwex] ==> lib [mingwex]
    arg [-lmsvcrt] ==> lib [msvcrt]
    arg [-lkernel32] ==> lib [kernel32]
    arg [/usr/lib/gcc/x86_64-w64-mingw32/11.2.0/crtend.o] ==> obj [/usr/lib/gcc/x86_64-w64-mingw32/11.2.0/crtend.o]
  remove lib [gcc_eh]
  remove lib [msvcrt]
  remove lib [gcc_eh]
  remove lib [msvcrt]
  collapse obj [/usr/lib/gcc/x86_64-w64-mingw32/11.2.0/../../../../x86_64-w64-mingw32/lib/../lib/crt2.o] ==> [/usr/x86_64-w64-mingw32/lib/crt2.o]
  collapse library dir [/usr/lib/gcc/x86_64-w64-mingw32/11.2.0] ==> [/usr/lib/gcc/x86_64-w64-mingw32/11.2.0]
  collapse library dir [/usr/lib/gcc/x86_64-w64-mingw32/11.2.0/../../../../x86_64-w64-mingw32/lib/../lib] ==> [/usr/x86_64-w64-mingw32/lib]
  collapse library dir [/usr/lib/gcc/x86_64-w64-mingw32/11.2.0/../../../../x86_64-w64-mingw32/lib] ==> [/usr/x86_64-w64-mingw32/lib]
  implicit libs: [mingw32;gcc;moldname;mingwex;kernel32;pthread;advapi32;shell32;user32;kernel32;mingw32;gcc;moldname;mingwex;kernel32]
  implicit objs: [/usr/x86_64-w64-mingw32/lib/crt2.o;/usr/lib/gcc/x86_64-w64-mingw32/11.2.0/crtbegin.o;/usr/lib/gcc/x86_64-w64-mingw32/11.2.0/crtend.o]
  implicit dirs: [/usr/lib/gcc/x86_64-w64-mingw32/11.2.0;/usr/x86_64-w64-mingw32/lib]
  implicit fwks: []


Detecting CXX compiler ABI info compiled with the following output:
Change Dir: /media/data/repositories/wxEASy68K/wxEdit68K/win-build/CMakeFiles/CMakeTmp

Run Build Command(s):/usr/bin/make -f Makefile cmTC_3a919/fast && /usr/bin/make  -f CMakeFiles/cmTC_3a919.dir/build.make CMakeFiles/cmTC_3a919.dir/build
make[1]: Entering directory '/media/data/repositories/wxEASy68K/wxEdit68K/win-build/CMakeFiles/CMakeTmp'
Building CXX object CMakeFiles/cmTC_3a919.dir/CMakeCXXCompilerABI.cpp.obj
/usr/bin/x86_64-w64-mingw32-g++   -v -o CMakeFiles/cmTC_3a919.dir/CMakeCXXCompilerABI.cpp.obj -c /usr/share/cmake-3.21/Modules/CMakeCXXCompilerABI.cpp
Using built-in specs.
COLLECT_GCC=/usr/bin/x86_64-w64-mingw32-g++
Target: x86_64-w64-mingw32
Configured with: /build/mingw-w64-gcc/src/gcc/configure --prefix=/usr --libexecdir=/usr/lib --target=x86_64-w64-mingw32 --with-bugurl=https://bugs.archlinux.org/ --enable-languages=c,lto,c++,ada,objc,obj-c++,fortran --enable-shared --enable-static --enable-threads=posix --enable-fully-dynamic-string --enable-libstdcxx-time=yes --enable-libstdcxx-filesystem-ts=yes --with-system-zlib --enable-cloog-backend=isl --enable-lto --enable-libgomp --disable-multilib --enable-checking=release --disable-sjlj-exceptions --with-dwarf2
Thread model: posix
Supported LTO compression algorithms: zlib zstd
gcc version 11.2.0 (GCC) 
COLLECT_GCC_OPTIONS='-v' '-o' 'CMakeFiles/cmTC_3a919.dir/CMakeCXXCompilerABI.cpp.obj' '-c' '-shared-libgcc' '-mtune=generic' '-march=x86-64' '-dumpdir' 'CMakeFiles/cmTC_3a919.dir/'
 /usr/lib/gcc/x86_64-w64-mingw32/11.2.0/cc1plus -quiet -v -D_REENTRANT /usr/share/cmake-3.21/Modules/CMakeCXXCompilerABI.cpp -quiet -dumpdir CMakeFiles/cmTC_3a919.dir/ -dumpbase CMakeCXXCompilerABI.cpp.cpp -dumpbase-ext .cpp -mtune=generic -march=x86-64 -version -o /tmp/cchHb2oY.s
GNU C++17 (GCC) version 11.2.0 (x86_64-w64-mingw32)
	compiled by GNU C version 11.1.0, GMP version 6.2.1, MPFR version 4.1.0, MPC version 1.2.1, isl version isl-0.24-GMP

warning: MPFR header version 4.1.0 differs from library version 4.1.0-p13.
GGC heuristics: --param ggc-min-expand=100 --param ggc-min-heapsize=131072
ignoring nonexistent directory "/usr/lib/gcc/x86_64-w64-mingw32/11.2.0/../../../../x86_64-w64-mingw32/sys-include"
#include "..." search starts here:
#include <...> search starts here:
 /usr/lib/gcc/x86_64-w64-mingw32/11.2.0/../../../../x86_64-w64-mingw32/include/c++/11.2.0
 /usr/lib/gcc/x86_64-w64-mingw32/11.2.0/../../../../x86_64-w64-mingw32/include/c++/11.2.0/x86_64-w64-mingw32
 /usr/lib/gcc/x86_64-w64-mingw32/11.2.0/../../../../x86_64-w64-mingw32/include/c++/11.2.0/backward
 /usr/lib/gcc/x86_64-w64-mingw32/11.2.0/include
 /usr/lib/gcc/x86_64-w64-mingw32/11.2.0/include-fixed
 /usr/lib/gcc/x86_64-w64-mingw32/11.2.0/../../../../x86_64-w64-mingw32/include
End of search list.
GNU C++17 (GCC) version 11.2.0 (x86_64-w64-mingw32)
	compiled by GNU C version 11.1.0, GMP version 6.2.1, MPFR version 4.1.0, MPC version 1.2.1, isl version isl-0.24-GMP

warning: MPFR header version 4.1.0 differs from library version 4.1.0-p13.
GGC heuristics: --param ggc-min-expand=100 --param ggc-min-heapsize=131072
Compiler executable checksum: a472f6fed2ca47b5dcfadf2b8ad10f7b
COLLECT_GCC_OPTIONS='-v' '-o' 'CMakeFiles/cmTC_3a919.dir/CMakeCXXCompilerABI.cpp.obj' '-c' '-shared-libgcc' '-mtune=generic' '-march=x86-64' '-dumpdir' 'CMakeFiles/cmTC_3a919.dir/'
 /usr/lib/gcc/x86_64-w64-mingw32/11.2.0/../../../../x86_64-w64-mingw32/bin/as -v -o CMakeFiles/cmTC_3a919.dir/CMakeCXXCompilerABI.cpp.obj /tmp/cchHb2oY.s
GNU assembler version 2.36.1 (x86_64-w64-mingw32) using BFD version (GNU Binutils) 2.36.1
COMPILER_PATH=/usr/lib/gcc/x86_64-w64-mingw32/11.2.0/:/usr/lib/gcc/x86_64-w64-mingw32/11.2.0/:/usr/lib/gcc/x86_64-w64-mingw32/:/usr/lib/gcc/x86_64-w64-mingw32/11.2.0/:/usr/lib/gcc/x86_64-w64-mingw32/:/usr/lib/gcc/x86_64-w64-mingw32/11.2.0/../../../../x86_64-w64-mingw32/bin/
LIBRARY_PATH=/usr/lib/gcc/x86_64-w64-mingw32/11.2.0/:/usr/lib/gcc/x86_64-w64-mingw32/11.2.0/../../../../x86_64-w64-mingw32/lib/../lib/:/usr/lib/gcc/x86_64-w64-mingw32/11.2.0/../../../../x86_64-w64-mingw32/lib/
COLLECT_GCC_OPTIONS='-v' '-o' 'CMakeFiles/cmTC_3a919.dir/CMakeCXXCompilerABI.cpp.obj' '-c' '-shared-libgcc' '-mtune=generic' '-march=x86-64' '-dumpdir' 'CMakeFiles/cmTC_3a919.dir/CMakeCXXCompilerABI.cpp.'
Linking CXX executable cmTC_3a919.exe
/usr/bin/cmake -E cmake_link_script CMakeFiles/cmTC_3a919.dir/link.txt --verbose=1
/usr/bin/cmake -E rm -f CMakeFiles/cmTC_3a919.dir/objects.a
/usr/bin/x86_64-w64-mingw32-ar qc CMakeFiles/cmTC_3a919.dir/objects.a @CMakeFiles/cmTC_3a919.dir/objects1.rsp
/usr/bin/x86_64-w64-mingw32-g++  -v -Wl,--whole-archive CMakeFiles/cmTC_3a919.dir/objects.a -Wl,--no-whole-archive -o cmTC_3a919.exe -Wl,--out-implib,libcmTC_3a919.dll.a -Wl,--major-image-version,0,--minor-image-version,0 
Using built-in specs.
COLLECT_GCC=/usr/bin/x86_64-w64-mingw32-g++
COLLECT_LTO_WRAPPER=/usr/lib/gcc/x86_64-w64-mingw32/11.2.0/lto-wrapper
Target: x86_64-w64-mingw32
Configured with: /build/mingw-w64-gcc/src/gcc/configure --prefix=/usr --libexecdir=/usr/lib --target=x86_64-w64-mingw32 --with-bugurl=https://bugs.archlinux.org/ --enable-languages=c,lto,c++,ada,objc,obj-c++,fortran --enable-shared --enable-static --enable-threads=posix --enable-fully-dynamic-string --enable-libstdcxx-time=yes --enable-libstdcxx-filesystem-ts=yes --with-system-zlib --enable-cloog-backend=isl --enable-lto --enable-libgomp --disable-multilib --enable-checking=release --disable-sjlj-exceptions --with-dwarf2
Thread model: posix
Supported LTO compression algorithms: zlib zstd
gcc version 11.2.0 (GCC) 
COMPILER_PATH=/usr/lib/gcc/x86_64-w64-mingw32/11.2.0/:/usr/lib/gcc/x86_64-w64-mingw32/11.2.0/:/usr/lib/gcc/x86_64-w64-mingw32/:/usr/lib/gcc/x86_64-w64-mingw32/11.2.0/:/usr/lib/gcc/x86_64-w64-mingw32/:/usr/lib/gcc/x86_64-w64-mingw32/11.2.0/../../../../x86_64-w64-mingw32/bin/
LIBRARY_PATH=/usr/lib/gcc/x86_64-w64-mingw32/11.2.0/:/usr/lib/gcc/x86_64-w64-mingw32/11.2.0/../../../../x86_64-w64-mingw32/lib/../lib/:/usr/lib/gcc/x86_64-w64-mingw32/11.2.0/../../../../x86_64-w64-mingw32/lib/
COLLECT_GCC_OPTIONS='-v' '-o' 'cmTC_3a919.exe' '-shared-libgcc' '-mtune=generic' '-march=x86-64' '-dumpdir' 'cmTC_3a919.'
 /usr/lib/gcc/x86_64-w64-mingw32/11.2.0/collect2 -plugin /usr/lib/gcc/x86_64-w64-mingw32/11.2.0/liblto_plugin.so -plugin-opt=/usr/lib/gcc/x86_64-w64-mingw32/11.2.0/lto-wrapper -plugin-opt=-fresolution=/tmp/cct3JP4r.res -plugin-opt=-pass-through=-lmingw32 -plugin-opt=-pass-through=-lgcc_s -plugin-opt=-pass-through=-lgcc -plugin-opt=-pass-through=-lmoldname -plugin-opt=-pass-through=-lmingwex -plugin-opt=-pass-through=-lmsvcrt -plugin-opt=-pass-through=-lkernel32 -plugin-opt=-pass-through=-lpthread -plugin-opt=-pass-through=-ladvapi32 -plugin-opt=-pass-through=-lshell32 -plugin-opt=-pass-through=-luser32 -plugin-opt=-pass-through=-lkernel32 -plugin-opt=-pass-through=-lmingw32 -plugin-opt=-pass-through=-lgcc_s -plugin-opt=-pass-through=-lgcc -plugin-opt=-pass-through=-lmoldname -plugin-opt=-pass-through=-lmingwex -plugin-opt=-pass-through=-lmsvcrt -plugin-opt=-pass-through=-lkernel32 -m i386pep -Bdynamic -o cmTC_3a919.exe /usr/lib/gcc/x86_64-w64-mingw32/11.2.0/../../../../x86_64-w64-mingw32/lib/../lib/crt2.o /usr/lib/gcc/x86_64-w64-mingw32/11.2.0/crtbegin.o -L/usr/lib/gcc/x86_64-w64-mingw32/11.2.0 -L/usr/lib/gcc/x86_64-w64-mingw32/11.2.0/../../../../x86_64-w64-mingw32/lib/../lib -L/usr/lib/gcc/x86_64-w64-mingw32/11.2.0/../../../../x86_64-w64-mingw32/lib --whole-archive CMakeFiles/cmTC_3a919.dir/objects.a --no-whole-archive --out-implib libcmTC_3a919.dll.a --major-image-version 0 --minor-image-version 0 -lstdc++ -lmingw32 -lgcc_s -lgcc -lmoldname -lmingwex -lmsvcrt -lkernel32 -lpthread -ladvapi32 -lshell32 -luser32 -lkernel32 -lmingw32 -lgcc_s -lgcc -lmoldname -lmingwex -lmsvcrt -lkernel32 /usr/lib/gcc/x86_64-w64-mingw32/11.2.0/crtend.o
COLLECT_GCC_OPTIONS='-v' '-o' 'cmTC_3a919.exe' '-shared-libgcc' '-mtune=generic' '-march=x86-64' '-dumpdir' 'cmTC_3a919.'
make[1]: Leaving directory '/media/data/repositories/wxEASy68K/wxEdit68K/win-build/CMakeFiles/CMakeTmp'



Parsed CXX implicit include dir info from above output: rv=done
  found start of include info
  found start of implicit include info
    add: [/usr/lib/gcc/x86_64-w64-mingw32/11.2.0/../../../../x86_64-w64-mingw32/include/c++/11.2.0]
    add: [/usr/lib/gcc/x86_64-w64-mingw32/11.2.0/../../../../x86_64-w64-mingw32/include/c++/11.2.0/x86_64-w64-mingw32]
    add: [/usr/lib/gcc/x86_64-w64-mingw32/11.2.0/../../../../x86_64-w64-mingw32/include/c++/11.2.0/backward]
    add: [/usr/lib/gcc/x86_64-w64-mingw32/11.2.0/include]
    add: [/usr/lib/gcc/x86_64-w64-mingw32/11.2.0/include-fixed]
    add: [/usr/lib/gcc/x86_64-w64-mingw32/11.2.0/../../../../x86_64-w64-mingw32/include]
  end of search list found
  collapse include dir [/usr/lib/gcc/x86_64-w64-mingw32/11.2.0/../../../../x86_64-w64-mingw32/include/c++/11.2.0] ==> [/usr/x86_64-w64-mingw32/include/c++/11.2.0]
  collapse include dir [/usr/lib/gcc/x86_64-w64-mingw32/11.2.0/../../../../x86_64-w64-mingw32/include/c++/11.2.0/x86_64-w64-mingw32] ==> [/usr/x86_64-w64-mingw32/include/c++/11.2.0/x86_64-w64-mingw32]
  collapse include dir [/usr/lib/gcc/x86_64-w64-mingw32/11.2.0/../../../../x86_64-w64-mingw32/include/c++/11.2.0/backward] ==> [/usr/x86_64-w64-mingw32/include/c++/11.2.0/backward]
  collapse include dir [/usr/lib/gcc/x86_64-w64-mingw32/11.2.0/include] ==> [/usr/lib/gcc/x86_64-w64-mingw32/11.2.0/include]
  collapse include dir [/usr/lib/gcc/x86_64-w64-mingw32/11.2.0/include-fixed] ==> [/usr/lib/gcc/x86_64-w64-mingw32/11.2.0/include-fixed]
  collapse include dir [/usr/lib/gcc/x86_64-w64-mingw32/11.2.0/../../../../x86_64-w64-mingw32/include] ==> [/usr/x86_64-w64-mingw32/include]
  implicit include dirs: [/usr/x86_64-w64-mingw32/include/c++/11.2.0;/usr/x86_64-w64-mingw32/include/c++/11.2.0/x86_64-w64-mingw32;/usr/x86_64-w64-mingw32/include/c++/11.2.0/backward;/usr/lib/gcc/x86_64-w64-mingw32/11.2.0/include;/usr/lib/gcc/x86_64-w64-mingw32/11.2.0/include-fixed;/usr/x86_64-w64-mingw32/include]


Parsed CXX implicit link information from above output:
  link line regex: [^( *|.*[/\])(x86_64-w64-mingw32-ld|CMAKE_LINK_STARTFILE-NOTFOUND|([^/\]+-)?ld|collect2)[^/\]*( |$)]
  ignore line: [Change Dir: /media/data/repositories/wxEASy68K/wxEdit68K/win-build/CMakeFiles/CMakeTmp]
  ignore line: []
  ignore line: [Run Build Command(s):/usr/bin/make -f Makefile cmTC_3a919/fast && /usr/bin/make  -f CMakeFiles/cmTC_3a919.dir/build.make CMakeFiles/cmTC_3a919.dir/build]
  ignore line: [make[1]: Entering directory '/media/data/repositories/wxEASy68K/wxEdit68K/win-build/CMakeFiles/CMakeTmp']
  ignore line: [Building CXX object CMakeFiles/cmTC_3a919.dir/CMakeCXXCompilerABI.cpp.obj]
  ignore line: [/usr/bin/x86_64-w64-mingw32-g++   -v -o CMakeFiles/cmTC_3a919.dir/CMakeCXXCompilerABI.cpp.obj -c /usr/share/cmake-3.21/Modules/CMakeCXXCompilerABI.cpp]
  ignore line: [Using built-in specs.]
  ignore line: [COLLECT_GCC=/usr/bin/x86_64-w64-mingw32-g++]
  ignore line: [Target: x86_64-w64-mingw32]
  ignore line: [Configured with: /build/mingw-w64-gcc/src/gcc/configure --prefix=/usr --libexecdir=/usr/lib --target=x86_64-w64-mingw32 --with-bugurl=https://bugs.archlinux.org/ --enable-languages=c lto c++ ada objc obj-c++ fortran --enable-shared --enable-static --enable-threads=posix --enable-fully-dynamic-string --enable-libstdcxx-time=yes --enable-libstdcxx-filesystem-ts=yes --with-system-zlib --enable-cloog-backend=isl --enable-lto --enable-libgomp --disable-multilib --enable-checking=release --disable-sjlj-exceptions --with-dwarf2]
  ignore line: [Thread model: posix]
  ignore line: [Supported LTO compression algorithms: zlib zstd]
  ignore line: [gcc version 11.2.0 (GCC) ]
  ignore line: [COLLECT_GCC_OPTIONS='-v' '-o' 'CMakeFiles/cmTC_3a919.dir/CMakeCXXCompilerABI.cpp.obj' '-c' '-shared-libgcc' '-mtune=generic' '-march=x86-64' '-dumpdir' 'CMakeFiles/cmTC_3a919.dir/']
  ignore line: [ /usr/lib/gcc/x86_64-w64-mingw32/11.2.0/cc1plus -quiet -v -D_REENTRANT /usr/share/cmake-3.21/Modules/CMakeCXXCompilerABI.cpp -quiet -dumpdir CMakeFiles/cmTC_3a919.dir/ -dumpbase CMakeCXXCompilerABI.cpp.cpp -dumpbase-ext .cpp -mtune=generic -march=x86-64 -version -o /tmp/cchHb2oY.s]
  ignore line: [GNU C++17 (GCC) version 11.2.0 (x86_64-w64-mingw32)]
  ignore line: [	compiled by GNU C version 11.1.0  GMP version 6.2.1  MPFR version 4.1.0  MPC version 1.2.1  isl version isl-0.24-GMP]
  ignore line: []
  ignore line: [warning: MPFR header version 4.1.0 differs from library version 4.1.0-p13.]
  ignore line: [GGC heuristics: --param ggc-min-expand=100 --param ggc-min-heapsize=131072]
  ignore line: [ignoring nonexistent directory "/usr/lib/gcc/x86_64-w64-mingw32/11.2.0/../../../../x86_64-w64-mingw32/sys-include"]
  ignore line: [#include "..." search starts here:]
  ignore line: [#include <...> search starts here:]
  ignore line: [ /usr/lib/gcc/x86_64-w64-mingw32/11.2.0/../../../../x86_64-w64-mingw32/include/c++/11.2.0]
  ignore line: [ /usr/lib/gcc/x86_64-w64-mingw32/11.2.0/../../../../x86_64-w64-mingw32/include/c++/11.2.0/x86_64-w64-mingw32]
  ignore line: [ /usr/lib/gcc/x86_64-w64-mingw32/11.2.0/../../../../x86_64-w64-mingw32/include/c++/11.2.0/backward]
  ignore line: [ /usr/lib/gcc/x86_64-w64-mingw32/11.2.0/include]
  ignore line: [ /usr/lib/gcc/x86_64-w64-mingw32/11.2.0/include-fixed]
  ignore line: [ /usr/lib/gcc/x86_64-w64-mingw32/11.2.0/../../../../x86_64-w64-mingw32/include]
  ignore line: [End of search list.]
  ignore line: [GNU C++17 (GCC) version 11.2.0 (x86_64-w64-mingw32)]
  ignore line: [	compiled by GNU C version 11.1.0  GMP version 6.2.1  MPFR version 4.1.0  MPC version 1.2.1  isl version isl-0.24-GMP]
  ignore line: []
  ignore line: [warning: MPFR header version 4.1.0 differs from library version 4.1.0-p13.]
  ignore line: [GGC heuristics: --param ggc-min-expand=100 --param ggc-min-heapsize=131072]
  ignore line: [Compiler executable checksum: a472f6fed2ca47b5dcfadf2b8ad10f7b]
  ignore line: [COLLECT_GCC_OPTIONS='-v' '-o' 'CMakeFiles/cmTC_3a919.dir/CMakeCXXCompilerABI.cpp.obj' '-c' '-shared-libgcc' '-mtune=generic' '-march=x86-64' '-dumpdir' 'CMakeFiles/cmTC_3a919.dir/']
  ignore line: [ /usr/lib/gcc/x86_64-w64-mingw32/11.2.0/../../../../x86_64-w64-mingw32/bin/as -v -o CMakeFiles/cmTC_3a919.dir/CMakeCXXCompilerABI.cpp.obj /tmp/cchHb2oY.s]
  ignore line: [GNU assembler version 2.36.1 (x86_64-w64-mingw32) using BFD version (GNU Binutils) 2.36.1]
  ignore line: [COMPILER_PATH=/usr/lib/gcc/x86_64-w64-mingw32/11.2.0/:/usr/lib/gcc/x86_64-w64-mingw32/11.2.0/:/usr/lib/gcc/x86_64-w64-mingw32/:/usr/lib/gcc/x86_64-w64-mingw32/11.2.0/:/usr/lib/gcc/x86_64-w64-mingw32/:/usr/lib/gcc/x86_64-w64-mingw32/11.2.0/../../../../x86_64-w64-mingw32/bin/]
  ignore line: [LIBRARY_PATH=/usr/lib/gcc/x86_64-w64-mingw32/11.2.0/:/usr/lib/gcc/x86_64-w64-mingw32/11.2.0/../../../../x86_64-w64-mingw32/lib/../lib/:/usr/lib/gcc/x86_64-w64-mingw32/11.2.0/../../../../x86_64-w64-mingw32/lib/]
  ignore line: [COLLECT_GCC_OPTIONS='-v' '-o' 'CMakeFiles/cmTC_3a919.dir/CMakeCXXCompilerABI.cpp.obj' '-c' '-shared-libgcc' '-mtune=generic' '-march=x86-64' '-dumpdir' 'CMakeFiles/cmTC_3a919.dir/CMakeCXXCompilerABI.cpp.']
  ignore line: [Linking CXX executable cmTC_3a919.exe]
  ignore line: [/usr/bin/cmake -E cmake_link_script CMakeFiles/cmTC_3a919.dir/link.txt --verbose=1]
  ignore line: [/usr/bin/cmake -E rm -f CMakeFiles/cmTC_3a919.dir/objects.a]
  ignore line: [/usr/bin/x86_64-w64-mingw32-ar qc CMakeFiles/cmTC_3a919.dir/objects.a @CMakeFiles/cmTC_3a919.dir/objects1.rsp]
  ignore line: [/usr/bin/x86_64-w64-mingw32-g++  -v -Wl --whole-archive CMakeFiles/cmTC_3a919.dir/objects.a -Wl --no-whole-archive -o cmTC_3a919.exe -Wl --out-implib libcmTC_3a919.dll.a -Wl --major-image-version 0 --minor-image-version 0 ]
  ignore line: [Using built-in specs.]
  ignore line: [COLLECT_GCC=/usr/bin/x86_64-w64-mingw32-g++]
  ignore line: [COLLECT_LTO_WRAPPER=/usr/lib/gcc/x86_64-w64-mingw32/11.2.0/lto-wrapper]
  ignore line: [Target: x86_64-w64-mingw32]
  ignore line: [Configured with: /build/mingw-w64-gcc/src/gcc/configure --prefix=/usr --libexecdir=/usr/lib --target=x86_64-w64-mingw32 --with-bugurl=https://bugs.archlinux.org/ --enable-languages=c lto c++ ada objc obj-c++ fortran --enable-shared --enable-static --enable-threads=posix --enable-fully-dynamic-string --enable-libstdcxx-time=yes --enable-libstdcxx-filesystem-ts=yes --with-system-zlib --enable-cloog-backend=isl --enable-lto --enable-libgomp --disable-multilib --enable-checking=release --disable-sjlj-exceptions --with-dwarf2]
  ignore line: [Thread model: posix]
  ignore line: [Supported LTO compression algorithms: zlib zstd]
  ignore line: [gcc version 11.2.0 (GCC) ]
  ignore line: [COMPILER_PATH=/usr/lib/gcc/x86_64-w64-mingw32/11.2.0/:/usr/lib/gcc/x86_64-w64-mingw32/11.2.0/:/usr/lib/gcc/x86_64-w64-mingw32/:/usr/lib/gcc/x86_64-w64-mingw32/11.2.0/:/usr/lib/gcc/x86_64-w64-mingw32/:/usr/lib/gcc/x86_64-w64-mingw32/11.2.0/../../../../x86_64-w64-mingw32/bin/]
  ignore line: [LIBRARY_PATH=/usr/lib/gcc/x86_64-w64-mingw32/11.2.0/:/usr/lib/gcc/x86_64-w64-mingw32/11.2.0/../../../../x86_64-w64-mingw32/lib/../lib/:/usr/lib/gcc/x86_64-w64-mingw32/11.2.0/../../../../x86_64-w64-mingw32/lib/]
  ignore line: [COLLECT_GCC_OPTIONS='-v' '-o' 'cmTC_3a919.exe' '-shared-libgcc' '-mtune=generic' '-march=x86-64' '-dumpdir' 'cmTC_3a919.']
  link line: [ /usr/lib/gcc/x86_64-w64-mingw32/11.2.0/collect2 -plugin /usr/lib/gcc/x86_64-w64-mingw32/11.2.0/liblto_plugin.so -plugin-opt=/usr/lib/gcc/x86_64-w64-mingw32/11.2.0/lto-wrapper -plugin-opt=-fresolution=/tmp/cct3JP4r.res -plugin-opt=-pass-through=-lmingw32 -plugin-opt=-pass-through=-lgcc_s -plugin-opt=-pass-through=-lgcc -plugin-opt=-pass-through=-lmoldname -plugin-opt=-pass-through=-lmingwex -plugin-opt=-pass-through=-lmsvcrt -plugin-opt=-pass-through=-lkernel32 -plugin-opt=-pass-through=-lpthread -plugin-opt=-pass-through=-ladvapi32 -plugin-opt=-pass-through=-lshell32 -plugin-opt=-pass-through=-luser32 -plugin-opt=-pass-through=-lkernel32 -plugin-opt=-pass-through=-lmingw32 -plugin-opt=-pass-through=-lgcc_s -plugin-opt=-pass-through=-lgcc -plugin-opt=-pass-through=-lmoldname -plugin-opt=-pass-through=-lmingwex -plugin-opt=-pass-through=-lmsvcrt -plugin-opt=-pass-through=-lkernel32 -m i386pep -Bdynamic -o cmTC_3a919.exe /usr/lib/gcc/x86_64-w64-mingw32/11.2.0/../../../../x86_64-w64-mingw32/lib/../lib/crt2.o /usr/lib/gcc/x86_64-w64-mingw32/11.2.0/crtbegin.o -L/usr/lib/gcc/x86_64-w64-mingw32/11.2.0 -L/usr/lib/gcc/x86_64-w64-mingw32/11.2.0/../../../../x86_64-w64-mingw32/lib/../lib -L/usr/lib/gcc/x86_64-w64-mingw32/11.2.0/../../../../x86_64-w64-mingw32/lib --whole-archive CMakeFiles/cmTC_3a919.dir/objects.a --no-whole-archive --out-implib libcmTC_3a919.dll.a --major-image-version 0 --minor-image-version 0 -lstdc++ -lmingw32 -lgcc_s -lgcc -lmoldname -lmingwex -lmsvcrt -lkernel32 -lpthread -ladvapi32 -lshell32 -luser32 -lkernel32 -lmingw32 -lgcc_s -lgcc -lmoldname -lmingwex -lmsvcrt -lkernel32 /usr/lib/gcc/x86_64-w64-mingw32/11.2.0/crtend.o]
    arg [/usr/lib/gcc/x86_64-w64-mingw32/11.2.0/collect2] ==> ignore
    arg [-plugin] ==> ignore
    arg [/usr/lib/gcc/x86_64-w64-mingw32/11.2.0/liblto_plugin.so] ==> ignore
    arg [-plugin-opt=/usr/lib/gcc/x86_64-w64-mingw32/11.2.0/lto-wrapper] ==> ignore
    arg [-plugin-opt=-fresolution=/tmp/cct3JP4r.res] ==> ignore
    arg [-plugin-opt=-pass-through=-lmingw32] ==> ignore
    arg [-plugin-opt=-pass-through=-lgcc_s] ==> ignore
    arg [-plugin-opt=-pass-through=-lgcc] ==> ignore
    arg [-plugin-opt=-pass-through=-lmoldname] ==> ignore
    arg [-plugin-opt=-pass-through=-lmingwex] ==> ignore
    arg [-plugin-opt=-pass-through=-lmsvcrt] ==> ignore
    arg [-plugin-opt=-pass-through=-lkernel32] ==> ignore
    arg [-plugin-opt=-pass-through=-lpthread] ==> ignore
    arg [-plugin-opt=-pass-through=-ladvapi32] ==> ignore
    arg [-plugin-opt=-pass-through=-lshell32] ==> ignore
    arg [-plugin-opt=-pass-through=-luser32] ==> ignore
    arg [-plugin-opt=-pass-through=-lkernel32] ==> ignore
    arg [-plugin-opt=-pass-through=-lmingw32] ==> ignore
    arg [-plugin-opt=-pass-through=-lgcc_s] ==> ignore
    arg [-plugin-opt=-pass-through=-lgcc] ==> ignore
    arg [-plugin-opt=-pass-through=-lmoldname] ==> ignore
    arg [-plugin-opt=-pass-through=-lmingwex] ==> ignore
    arg [-plugin-opt=-pass-through=-lmsvcrt] ==> ignore
    arg [-plugin-opt=-pass-through=-lkernel32] ==> ignore
    arg [-m] ==> ignore
    arg [i386pep] ==> ignore
    arg [-Bdynamic] ==> search dynamic
    arg [-o] ==> ignore
    arg [cmTC_3a919.exe] ==> ignore
    arg [/usr/lib/gcc/x86_64-w64-mingw32/11.2.0/../../../../x86_64-w64-mingw32/lib/../lib/crt2.o] ==> obj [/usr/lib/gcc/x86_64-w64-mingw32/11.2.0/../../../../x86_64-w64-mingw32/lib/../lib/crt2.o]
    arg [/usr/lib/gcc/x86_64-w64-mingw32/11.2.0/crtbegin.o] ==> obj [/usr/lib/gcc/x86_64-w64-mingw32/11.2.0/crtbegin.o]
    arg [-L/usr/lib/gcc/x86_64-w64-mingw32/11.2.0] ==> dir [/usr/lib/gcc/x86_64-w64-mingw32/11.2.0]
    arg [-L/usr/lib/gcc/x86_64-w64-mingw32/11.2.0/../../../../x86_64-w64-mingw32/lib/../lib] ==> dir [/usr/lib/gcc/x86_64-w64-mingw32/11.2.0/../../../../x86_64-w64-mingw32/lib/../lib]
    arg [-L/usr/lib/gcc/x86_64-w64-mingw32/11.2.0/../../../../x86_64-w64-mingw32/lib] ==> dir [/usr/lib/gcc/x86_64-w64-mingw32/11.2.0/../../../../x86_64-w64-mingw32/lib]
    arg [--whole-archive] ==> ignore
    arg [CMakeFiles/cmTC_3a919.dir/objects.a] ==> ignore
    arg [--no-whole-archive] ==> ignore
    arg [--out-implib] ==> ignore
    arg [libcmTC_3a919.dll.a] ==> ignore
    arg [--major-image-version] ==> ignore
    arg [0] ==> ignore
    arg [--minor-image-version] ==> ignore
    arg [0] ==> ignore
    arg [-lstdc++] ==> lib [stdc++]
    arg [-lmingw32] ==> lib [mingw32]
    arg [-lgcc_s] ==> lib [gcc_s]
    arg [-lgcc] ==> lib [gcc]
    arg [-lmoldname] ==> lib [moldname]
    arg [-lmingwex] ==> lib [mingwex]
    arg [-lmsvcrt] ==> lib [msvcrt]
    arg [-lkernel32] ==> lib [kernel32]
    arg [-lpthread] ==> lib [pthread]
    arg [-ladvapi32] ==> lib [advapi32]
    arg [-lshell32] ==> lib [shell32]
    arg [-luser32] ==> lib [user32]
    arg [-lkernel32] ==> lib [kernel32]
    arg [-lmingw32] ==> lib [mingw32]
    arg [-lgcc_s] ==> lib [gcc_s]
    arg [-lgcc] ==> lib [gcc]
    arg [-lmoldname] ==> lib [moldname]
    arg [-lmingwex] ==> lib [mingwex]
    arg [-lmsvcrt] ==> lib [msvcrt]
    arg [-lkernel32] ==> lib [kernel32]
    arg [/usr/lib/gcc/x86_64-w64-mingw32/11.2.0/crtend.o] ==> obj [/usr/lib/gcc/x86_64-w64-mingw32/11.2.0/crtend.o]
  remove lib [msvcrt]
  remove lib [msvcrt]
  collapse obj [/usr/lib/gcc/x86_64-w64-mingw32/11.2.0/../../../../x86_64-w64-mingw32/lib/../lib/crt2.o] ==> [/usr/x86_64-w64-mingw32/lib/crt2.o]
  collapse library dir [/usr/lib/gcc/x86_64-w64-mingw32/11.2.0] ==> [/usr/lib/gcc/x86_64-w64-mingw32/11.2.0]
  collapse library dir [/usr/lib/gcc/x86_64-w64-mingw32/11.2.0/../../../../x86_64-w64-mingw32/lib/../lib] ==> [/usr/x86_64-w64-mingw32/lib]
  collapse library dir [/usr/lib/gcc/x86_64-w64-mingw32/11.2.0/../../../../x86_64-w64-mingw32/lib] ==> [/usr/x86_64-w64-mingw32/lib]
  implicit libs: [stdc++;mingw32;gcc_s;gcc;moldname;mingwex;kernel32;pthread;advapi32;shell32;user32;kernel32;mingw32;gcc_s;gcc;moldname;mingwex;kernel32]
  implicit objs: [/usr/x86_64-w64-mingw32/lib/crt2.o;/usr/lib/gcc/x86_64-w64-mingw32/11.2.0/crtbegin.o;/usr/lib/gcc/x86_64-w64-mingw32/11.2.0/crtend.o]
  implicit dirs: [/usr/lib/gcc/x86_64-w64-mingw32/11.2.0;/usr/x86_64-w64-mingw32/lib]
  implicit fwks: []


